2018-06-15 11:02:44,899:INFO:save epoch:0
2018-06-15 11:02:49,218:INFO:save epoch:1
2018-06-15 11:02:53,625:INFO:save epoch:2
2018-06-15 11:02:58,155:INFO:save epoch:3
2018-06-15 11:03:01,978:INFO:save epoch:4
2018-06-15 11:03:06,656:INFO:save epoch:5
2018-06-15 11:03:10,777:INFO:save epoch:6
2018-06-15 11:03:14,803:INFO:save epoch:7
2018-06-15 11:03:18,243:INFO:save epoch:8
2018-06-15 11:03:23,125:INFO:save epoch:9
2018-06-15 11:03:27,478:INFO:save epoch:10
2018-06-15 11:03:30,088:INFO:save epoch:11
2018-06-15 11:03:32,118:INFO:save epoch:12
2018-06-15 11:03:33,838:INFO:save epoch:13
2018-06-15 11:03:35,576:INFO:save epoch:14
2018-06-15 11:03:37,602:INFO:save epoch:15
2018-06-15 11:03:39,307:INFO:save epoch:16
2018-06-15 11:03:41,149:INFO:save epoch:17
2018-06-15 11:03:42,713:INFO:save epoch:18
2018-06-15 11:03:44,488:INFO:save epoch:19
2018-06-15 11:27:26,129:INFO:请输入句子,要退出请输入：bye
2018-06-15 11:29:33,362:INFO:请输入句子,要退出请输入：bye
2018-06-15 11:30:02,238:INFO:请输入句子,要退出请输入：bye
2018-06-15 11:31:36,989:INFO:请输入句子,要退出请输入：bye
2018-06-15 11:33:32,466:INFO:请输入句子,要退出请输入：bye
2018-06-15 11:36:39,774:INFO:请输入句子,要退出请输入：bye
2018-06-15 11:36:44,692:INFO:输入原句：我不需要
2018-06-15 11:36:44,692:INFO:输出结果：[928 820 931 931]
2018-06-15 11:39:48,559:INFO:输入原句：exit
2018-06-15 11:39:48,560:INFO:输出结果：[929 929]
2018-06-15 11:39:51,373:INFO:准备退出...
2018-06-15 11:39:51,373:INFO:谢谢使用，再见！
2018-06-15 11:39:58,462:INFO:请输入句子,要退出请输入：bye
2018-06-15 11:40:46,745:INFO:请输入句子,要退出请输入：bye
2018-06-15 11:40:50,892:INFO:输入原句：wwesd
2018-06-15 11:40:50,893:INFO:输出结果：
2018-06-15 11:41:02,381:INFO:输入原句：我不需要
2018-06-15 11:41:02,381:INFO:输出结果：uuunnnkkk 。 \</s> \</s>
2018-06-15 11:41:09,367:INFO:输入原句：exit
2018-06-15 11:41:09,368:INFO:输出结果：
2018-06-15 11:41:11,947:INFO:准备退出...
2018-06-15 11:41:11,948:INFO:谢谢使用，再见！
2018-06-15 11:59:12,805:INFO:epoch:0	epoch_loss:0.05683
2018-06-15 11:59:16,011:INFO:epoch:0	Dev loss:0.05533	bleu_dev:0.00000
2018-06-15 11:59:16,151:INFO:save epoch:0
2018-06-15 11:59:17,031:INFO:epoch:1	epoch_loss:0.03714
2018-06-15 11:59:20,464:INFO:epoch:1	Dev loss:0.04366	bleu_dev:0.00000
2018-06-15 11:59:20,591:INFO:save epoch:1
2018-06-15 11:59:21,501:INFO:epoch:2	epoch_loss:0.03600
2018-06-15 11:59:24,532:INFO:epoch:2	Dev loss:0.04552	bleu_dev:0.00000
2018-06-15 11:59:24,657:INFO:save epoch:2
2018-06-15 11:59:25,525:INFO:epoch:3	epoch_loss:0.03853
2018-06-15 11:59:28,613:INFO:epoch:3	Dev loss:0.03043	bleu_dev:0.00000
2018-06-15 11:59:28,738:INFO:save epoch:3
2018-06-15 11:59:29,671:INFO:epoch:4	epoch_loss:0.04367
2018-06-15 11:59:32,428:INFO:epoch:4	Dev loss:0.03845	bleu_dev:0.00000
2018-06-15 11:59:32,553:INFO:save epoch:4
2018-06-15 11:59:33,408:INFO:epoch:5	epoch_loss:0.04681
2018-06-15 11:59:36,899:INFO:epoch:5	Dev loss:0.03254	bleu_dev:0.00000
2018-06-15 11:59:37,024:INFO:save epoch:5
2018-06-15 11:59:37,998:INFO:epoch:6	epoch_loss:0.05297
2018-06-15 11:59:41,139:INFO:epoch:6	Dev loss:0.03391	bleu_dev:0.00000
2018-06-15 11:59:41,266:INFO:save epoch:6
2018-06-15 11:59:42,149:INFO:epoch:7	epoch_loss:0.03046
2018-06-15 11:59:45,555:INFO:epoch:7	Dev loss:0.03320	bleu_dev:0.00000
2018-06-15 11:59:45,680:INFO:save epoch:7
2018-06-15 11:59:46,585:INFO:epoch:8	epoch_loss:0.03970
2018-06-15 11:59:49,581:INFO:epoch:8	Dev loss:0.03304	bleu_dev:0.00000
2018-06-15 11:59:49,707:INFO:save epoch:8
2018-06-15 11:59:50,630:INFO:epoch:9	epoch_loss:0.02708
2018-06-15 11:59:54,017:INFO:epoch:9	Dev loss:0.03703	bleu_dev:0.00000
2018-06-15 11:59:54,142:INFO:save epoch:9
2018-06-15 11:59:55,122:INFO:epoch:10	epoch_loss:0.03103
2018-06-15 11:59:57,869:INFO:epoch:10	Dev loss:0.03318	bleu_dev:0.00000
2018-06-15 11:59:57,995:INFO:save epoch:10
2018-06-15 11:59:58,834:INFO:epoch:11	epoch_loss:0.05413
2018-06-15 12:00:00,018:INFO:epoch:11	Dev loss:0.03624	bleu_dev:0.00000
2018-06-15 12:00:00,146:INFO:save epoch:11
2018-06-15 12:00:01,043:INFO:epoch:12	epoch_loss:0.03136
2018-06-15 12:00:02,945:INFO:epoch:12	Dev loss:0.02956	bleu_dev:0.00000
2018-06-15 12:00:03,070:INFO:save epoch:12
2018-06-15 12:00:03,954:INFO:epoch:13	epoch_loss:0.03452
2018-06-15 12:00:04,884:INFO:epoch:13	Dev loss:0.03137	bleu_dev:0.00000
2018-06-15 12:00:05,009:INFO:save epoch:13
2018-06-15 12:00:05,917:INFO:epoch:14	epoch_loss:0.05149
2018-06-15 12:00:06,897:INFO:epoch:14	Dev loss:0.03130	bleu_dev:0.00000
2018-06-15 12:00:07,022:INFO:save epoch:14
2018-06-15 12:00:07,932:INFO:epoch:15	epoch_loss:0.02794
2018-06-15 12:00:08,377:INFO:epoch:15	Dev loss:0.03884	bleu_dev:0.00000
2018-06-15 12:00:08,502:INFO:save epoch:15
2018-06-15 12:00:09,452:INFO:epoch:16	epoch_loss:0.02477
2018-06-15 12:00:09,917:INFO:epoch:16	Dev loss:0.03102	bleu_dev:0.00000
2018-06-15 12:00:10,041:INFO:save epoch:16
2018-06-15 12:00:10,922:INFO:epoch:17	epoch_loss:0.04424
2018-06-15 12:00:11,463:INFO:epoch:17	Dev loss:0.03671	bleu_dev:0.00000
2018-06-15 12:00:11,587:INFO:save epoch:17
2018-06-15 12:00:12,615:INFO:epoch:18	epoch_loss:0.02363
2018-06-15 12:00:13,299:INFO:epoch:18	Dev loss:0.02933	bleu_dev:0.00000
2018-06-15 12:00:13,421:INFO:save epoch:18
2018-06-15 12:00:14,255:INFO:epoch:19	epoch_loss:0.01680
2018-06-15 12:00:14,722:INFO:epoch:19	Dev loss:0.03558	bleu_dev:0.00000
2018-06-15 12:00:14,845:INFO:save epoch:19
2018-06-15 12:01:59,366:INFO:evaluation done! out_path:data/trans_file	bleu_score:0.00000
2018-06-15 12:02:35,718:INFO:请输入句子,要退出请输入：bye
2018-06-15 12:02:46,175:INFO:输入原句：我不需要
2018-06-15 12:02:46,175:INFO:输出结果：uuunnnkkk 。 \</s> \</s>
2018-06-15 12:04:36,224:INFO:准备退出...
2018-06-15 12:04:36,224:INFO:谢谢使用，再见！
