2018-06-13 15:25:48,540:INFO:epoch:0	epoch_loss:0.62879
2018-06-13 15:25:48,968:INFO:epoch:0	Dev loss:0.50591	precision_dev:0.67742	recall_dev:0.64286	f1_dev:0.65969
2018-06-13 15:25:49,143:INFO:save epoch:0
2018-06-13 15:26:09,318:INFO:epoch:1	epoch_loss:0.64725
2018-06-13 15:26:09,520:INFO:epoch:1	Dev loss:0.48044	precision_dev:0.70093	recall_dev:0.76531	f1_dev:0.73171
2018-06-13 15:26:09,635:INFO:save epoch:1
2018-06-13 15:26:29,849:INFO:epoch:2	epoch_loss:0.58909
2018-06-13 15:26:30,051:INFO:epoch:2	Dev loss:0.44818	precision_dev:0.71569	recall_dev:0.74490	f1_dev:0.73000
2018-06-13 15:26:50,222:INFO:epoch:3	epoch_loss:0.48678
2018-06-13 15:26:50,423:INFO:epoch:3	Dev loss:0.43948	precision_dev:0.73404	recall_dev:0.70408	f1_dev:0.71875
2018-06-13 15:27:10,615:INFO:epoch:4	epoch_loss:0.50142
2018-06-13 15:27:10,816:INFO:epoch:4	Dev loss:0.42686	precision_dev:0.75758	recall_dev:0.76531	f1_dev:0.76142
2018-06-13 15:27:10,927:INFO:save epoch:4
2018-06-13 15:27:31,180:INFO:epoch:5	epoch_loss:0.49067
2018-06-13 15:27:31,376:INFO:epoch:5	Dev loss:0.43035	precision_dev:0.71845	recall_dev:0.75510	f1_dev:0.73632
2018-06-13 15:27:51,576:INFO:epoch:6	epoch_loss:0.45036
2018-06-13 15:27:51,775:INFO:epoch:6	Dev loss:0.43524	precision_dev:0.71875	recall_dev:0.70408	f1_dev:0.71134
2018-06-13 15:28:12,118:INFO:epoch:7	epoch_loss:0.44817
2018-06-13 15:28:12,315:INFO:epoch:7	Dev loss:0.45509	precision_dev:0.70588	recall_dev:0.73469	f1_dev:0.72000
2018-06-13 15:28:33,181:INFO:epoch:8	epoch_loss:0.35913
2018-06-13 15:28:33,385:INFO:epoch:8	Dev loss:0.45482	precision_dev:0.74000	recall_dev:0.75510	f1_dev:0.74747
2018-06-13 15:28:55,308:INFO:epoch:9	epoch_loss:0.47105
2018-06-13 15:28:55,505:INFO:epoch:9	Dev loss:0.48059	precision_dev:0.66981	recall_dev:0.72449	f1_dev:0.69608
2018-06-13 15:29:17,083:INFO:evaluation done! out_path:data/out.csv
2018-06-13 15:30:45,062:INFO:请输入句子,要退出请输入：bye
2018-06-13 15:30:46,666:INFO:请不要打回车玩哦！
2018-06-13 15:31:04,526:INFO:输入原句：耽误您一分钟时间，您朋友王照国在国美美借平台 的借款已到期，为避免对您朋友或您这边造成一些不必要的影响，麻烦您转告他抓紧时间处理欠款。__user__你们公司是哪个？
2018-06-13 15:31:04,526:INFO:输出结果：该句识别不准确
2018-06-13 15:31:17,481:INFO:输入原句：对，我们的手续简单，放款又快，周转也很灵活。如果您短期资金周转的话非常合适的。__user__反正我知道，我说你我要3万块，一个信息给我电话，我后面的话分期付款给你吗？
2018-06-13 15:31:17,481:INFO:输出结果：该句识别准确
2018-06-13 15:31:40,561:INFO:输入原句：额，您看这样好吗，稍后我让我们的贷款专员直接与您联系，具体的贷款流程，我们的专员会跟你说清楚的__user__不差你这点逼钱，我给你讲，我1500块钱，我不差你这十块钱就十块钱，过两天就挣到了，再见
2018-06-13 15:31:40,561:INFO:输出结果：该句识别准确
2018-06-13 15:31:43,218:INFO:请不要打回车玩哦！
2018-06-13 15:31:45,058:INFO:请输入正确的格式！提示：Question__user__Answer
2018-06-13 15:31:48,146:INFO:请输入正确的格式！提示：Question__user__Answer
2018-06-13 15:31:52,962:INFO:准备退出...
2018-06-13 15:31:52,963:INFO:谢谢使用，再见！
2018-06-13 15:33:00,246:INFO:请输入句子,要退出请输入：bye
2018-06-13 15:33:02,347:INFO:请输入正确的格式！提示：Question__user__Answer;退出请输入：bye
2018-06-13 15:33:05,531:INFO:准备退出...
2018-06-13 15:33:05,531:INFO:谢谢使用，再见！
