2018-06-13 14:07:26,758:INFO:epoch:0	epoch_loss:0.57434
2018-06-13 14:07:27,136:INFO:epoch:0	Dev loss:0.48676	precision_dev:0.73118	recall_dev:0.69388	f1_dev:0.71204
2018-06-13 14:07:27,232:INFO:save epoch:0
2018-06-13 14:07:48,113:INFO:epoch:1	epoch_loss:0.59077
2018-06-13 14:07:48,321:INFO:epoch:1	Dev loss:0.43496	precision_dev:0.75248	recall_dev:0.77551	f1_dev:0.76382
2018-06-13 14:07:48,422:INFO:save epoch:1
2018-06-13 14:08:08,261:INFO:epoch:2	epoch_loss:0.56159
2018-06-13 14:08:08,439:INFO:epoch:2	Dev loss:0.44779	precision_dev:0.71154	recall_dev:0.75510	f1_dev:0.73267
2018-06-13 14:08:25,901:INFO:epoch:3	epoch_loss:0.49724
2018-06-13 14:08:26,076:INFO:epoch:3	Dev loss:0.46325	precision_dev:0.69231	recall_dev:0.73469	f1_dev:0.71287
2018-06-13 14:08:43,512:INFO:epoch:4	epoch_loss:0.45759
2018-06-13 14:08:43,688:INFO:epoch:4	Dev loss:0.50700	precision_dev:0.69027	recall_dev:0.79592	f1_dev:0.73934
2018-06-13 14:09:01,110:INFO:epoch:5	epoch_loss:0.45399
2018-06-13 14:09:01,293:INFO:epoch:5	Dev loss:0.52616	precision_dev:0.68182	recall_dev:0.76531	f1_dev:0.72115
2018-06-13 14:09:18,670:INFO:epoch:6	epoch_loss:0.43771
2018-06-13 14:09:18,841:INFO:epoch:6	Dev loss:0.52936	precision_dev:0.68868	recall_dev:0.74490	f1_dev:0.71569
2018-06-13 14:09:36,200:INFO:epoch:7	epoch_loss:0.36259
2018-06-13 14:09:36,377:INFO:epoch:7	Dev loss:0.55978	precision_dev:0.70370	recall_dev:0.77551	f1_dev:0.73786
2018-06-13 14:09:53,741:INFO:epoch:8	epoch_loss:0.36895
2018-06-13 14:09:53,916:INFO:epoch:8	Dev loss:0.56692	precision_dev:0.71429	recall_dev:0.76531	f1_dev:0.73892
2018-06-13 14:10:11,307:INFO:epoch:9	epoch_loss:0.24526
2018-06-13 14:10:11,484:INFO:epoch:9	Dev loss:0.65715	precision_dev:0.70297	recall_dev:0.72449	f1_dev:0.71357
2018-06-13 14:10:26,995:INFO:请输入句子,要退出请输入：exit
2018-06-13 14:10:28,397:INFO:输入原句：
2018-06-13 14:10:28,397:INFO:输出结果：该句识别不准确
2018-06-13 14:11:24,515:INFO:准备退出...
2018-06-13 14:11:24,515:INFO:成功退出！
2018-06-13 14:11:29,937:INFO:请输入句子,要退出请输入：exit
2018-06-13 14:11:31,457:INFO:输入原句：
2018-06-13 14:11:31,458:INFO:输出结果：该句识别不准确
2018-06-13 14:11:48,587:INFO:准备退出...
2018-06-13 14:11:48,591:INFO:输入原句：exit
2018-06-13 14:11:48,592:INFO:输出结果：该句识别不准确
2018-06-13 14:11:48,592:INFO:成功退出！
2018-06-13 14:11:54,290:INFO:请输入句子,要退出请输入：exit
2018-06-13 14:11:55,629:INFO:请输入：
2018-06-13 14:11:58,357:INFO:请输入：
2018-06-13 14:12:33,235:INFO:准备退出...
2018-06-13 14:12:33,890:INFO:输入原句：exit
2018-06-13 14:12:33,890:INFO:输出结果：该句识别不准确
2018-06-13 14:12:33,890:INFO:成功退出！
2018-06-13 14:13:28,878:INFO:请输入句子,要退出请输入：bye
2018-06-13 14:13:29,772:INFO:请不要打回车玩：
2018-06-13 14:13:31,388:INFO:请不要打回车玩：
2018-06-13 14:13:34,882:INFO:输入原句： 
2018-06-13 14:13:34,882:INFO:输出结果：该句识别不准确
2018-06-13 14:13:41,013:INFO:请不要打回车玩：
2018-06-13 14:13:45,396:INFO:请不要打回车玩：
2018-06-13 14:14:02,242:INFO:准备退出...
2018-06-13 14:14:02,246:INFO:输入原句：bye
2018-06-13 14:14:02,247:INFO:输出结果：该句识别不准确
2018-06-13 14:14:02,247:INFO:谢谢使用，再见！
2018-06-13 14:14:34,070:INFO:请输入句子,要退出请输入：bye
2018-06-13 14:14:37,180:INFO:准备退出...
2018-06-13 14:14:37,180:INFO:谢谢使用，再见！
2018-06-13 14:14:48,310:INFO:请输入句子,要退出请输入：bye
2018-06-13 14:14:48,956:INFO:请不要打回车玩！
2018-06-13 14:15:10,761:INFO:输入原句：打扰了，移动老用户50m宽带每月只需要20元，并且还能免费看高清电视，我这边给您介绍一下吧？__user__帮我上班啊，没时间。
2018-06-13 14:15:10,761:INFO:输出结果：该句识别准确
2018-06-13 14:16:08,991:INFO:输入原句：贷款额度在3-100万之间，具体额度要根据你个人情况来定的，稍后让我们客户经理给您来电解释，您看可以吗__user__好像上不需要了吧？谢谢。
2018-06-13 14:16:08,991:INFO:输出结果：该句识别不准确
2018-06-13 14:16:14,842:INFO:准备退出...
2018-06-13 14:16:14,842:INFO:谢谢使用，再见！
2018-06-13 14:18:26,782:INFO:请输入句子,要退出请输入：bye
2018-06-13 14:18:27,962:INFO:请不要打回车玩哦！
2018-06-13 14:18:30,075:INFO:请输入正确的格式！提示：Question__user__Answer
2018-06-13 14:18:38,285:INFO:输入原句：__user__
2018-06-13 14:18:38,285:INFO:输出结果：该句识别不准确
2018-06-13 14:18:52,995:INFO:输入原句：贷款额度在3-100万之间，具体额度要根据你个人情况来定的，稍后让我们客户经理给您来电解释，您看可以吗__user__好像上不需要了吧？谢谢。
2018-06-13 14:18:52,995:INFO:输出结果：该句识别不准确
2018-06-13 14:18:59,026:INFO:准备退出...
2018-06-13 14:18:59,027:INFO:谢谢使用，再见！
